Test Asciidoctor
================

# Document Title (Level 0)

## Section Level 1

### Section Level 2

#### Section Level 3

##### Section Level 4

###### Section Level 5

====== Section title (level 5) ======

```
Markdown-style code block
```

```ruby
require 'sinatra'

get '/hi' do
  "Hello World!"
end
```

.Table Title
|===
|Name of Column 1 |Name of Column 2 |Name of Column 3

|Cell in column 1, row 1
|Cell in column 2, row 1
|Cell in column 3, row 1

|Cell in column 1, row 2
|Cell in column 2, row 2
|Cell in column 3, row 2
|===

[cols="2*", options="header"]
|===
|Name of Column 1
|Name of Column 2

|Cell in column 1, row 1
|Cell in column 2, row 1

|Cell in column 1, row 2
|Cell in column 2, row 2
|===

[cols="1,1,2", options="header"]
.Applications
|===
|Name
|Category
|Description
|Firefox
|Browser
|Mozilla Firefox is an open-source web browser.
It's designed for standards compliance,
performance, portability.

|Arquillian
|Testing
|An innovative and highly extensible testing platform.
Empowers developers to easily create real, automated tests.
|===

[cols="2,2,5a"]
|===
|Firefox
|Browser
|Mozilla Firefox is an open-source web browser.

It's designed for:

* standards compliance
* performance
* portability

http://getfirefox.com[Get Firefox]!
|===

[%header, format=csv]
|===
Artist,Track,Genre
Baauer,Harlem Shake,Hip Hop
The Lumineers,Ho Hey,Folk Rock
|===

,===
Artist,Track,Genre

Baauer,Harlem Shake,Hip Hop
,===

[format="csv", options="header"]
|===
include::customers.csv[]
|===


:===
Artist:Track:Genre

Robyn:Indestructable:Dance
:===

[cols="e,m,^,>s", width="25%"]
|===
|1 >s|2 |3 |4
^|5 2.2+^.^|6 .3+<.>m|7
^|8
|9 2+>|10
|===

